<?xml version="1.0" encoding="UTF-8"?>
<testng-results ignored="0" total="2" passed="2" failed="0" skipped="0">
  <reporter-output>
  </reporter-output>
  <suite started-at="2021-03-08T14:47:52 IST" name="Default suite" finished-at="2021-03-08T14:47:52 IST" duration-ms="69">
    <groups>
    </groups>
    <test started-at="2021-03-08T14:47:52 IST" name="Default test" finished-at="2021-03-08T14:47:52 IST" duration-ms="69">
      <class name="test.Annotations">
        <test-method is-config="true" signature="beforetest()[pri:0, instance:test.Annotations@55740540]" started-at="2021-03-08T14:47:52 IST" name="beforetest" finished-at="2021-03-08T14:47:52 IST" duration-ms="9" status="PASS">
          <reporter-output>
          </reporter-output>
        </test-method> <!-- beforetest -->
        <test-method is-config="true" signature="beforemethod()[pri:0, instance:test.Annotations@55740540]" started-at="2021-03-08T14:47:52 IST" name="beforemethod" finished-at="2021-03-08T14:47:52 IST" duration-ms="1" status="PASS">
          <reporter-output>
          </reporter-output>
        </test-method> <!-- beforemethod -->
        <test-method signature="method1()[pri:0, instance:test.Annotations@55740540]" started-at="2021-03-08T14:47:52 IST" name="method1" finished-at="2021-03-08T14:47:52 IST" duration-ms="8" status="PASS">
          <reporter-output>
          </reporter-output>
        </test-method> <!-- method1 -->
        <test-method is-config="true" signature="aftermethod()[pri:0, instance:test.Annotations@55740540]" started-at="2021-03-08T14:47:52 IST" name="aftermethod" finished-at="2021-03-08T14:47:52 IST" duration-ms="1" status="PASS">
          <reporter-output>
          </reporter-output>
        </test-method> <!-- aftermethod -->
        <test-method is-config="true" signature="beforemethod()[pri:0, instance:test.Annotations@55740540]" started-at="2021-03-08T14:47:52 IST" name="beforemethod" finished-at="2021-03-08T14:47:52 IST" duration-ms="1" status="PASS">
          <reporter-output>
          </reporter-output>
        </test-method> <!-- beforemethod -->
        <test-method signature="method2()[pri:0, instance:test.Annotations@55740540]" started-at="2021-03-08T14:47:52 IST" name="method2" finished-at="2021-03-08T14:47:52 IST" duration-ms="1" status="PASS">
          <reporter-output>
          </reporter-output>
        </test-method> <!-- method2 -->
        <test-method is-config="true" signature="aftermethod()[pri:0, instance:test.Annotations@55740540]" started-at="2021-03-08T14:47:52 IST" name="aftermethod" finished-at="2021-03-08T14:47:52 IST" duration-ms="1" status="PASS">
          <reporter-output>
          </reporter-output>
        </test-method> <!-- aftermethod -->
      </class> <!-- test.Annotations -->
    </test> <!-- Default test -->
  </suite> <!-- Default suite -->
</testng-results>
